<?xml version="1.0" encoding="UTF-8"?>
<testsuite name="RestTestDemo" tests="1" skipped="0" failures="0" errors="0" timestamp="2021-05-18T15:16:59" hostname="Vinays-MacBook-Pro.local" time="3.502">
  <properties/>
  <testcase name="getSpecificUserLastName" classname="RestTestDemo" time="3.502"/>
  <system-out><![CDATA[]]></system-out>
  <system-err><![CDATA[]]></system-err>
</testsuite>
