<?xml version="1.0" encoding="UTF-8"?>
<testsuite name="RestTestDemo" tests="1" skipped="0" failures="0" errors="0" timestamp="2021-05-20T09:45:19" hostname="Vinays-MacBook-Pro.local" time="4.894">
  <properties/>
  <testcase name="updateUser" classname="RestTestDemo" time="4.894"/>
  <system-out><![CDATA[]]></system-out>
  <system-err><![CDATA[]]></system-err>
</testsuite>
